<?xml version="1.0" encoding="utf-8"?><testsuites name="pytest tests"><testsuite name="pytest" errors="0" failures="0" skipped="0" tests="22" time="3.834" timestamp="2026-03-10T11:40:41.732712+00:00" hostname="agent-env-83302d77-4be7-496c-bf16-2272d2f0e7b1"><testcase classname="backend.tests.test_api.TestAPIHealth" name="test_api_root" time="0.231" /><testcase classname="backend.tests.test_api.TestAPIHealth" name="test_stats_endpoint" time="0.107" /><testcase classname="backend.tests.test_api.TestProducts" name="test_list_all_products" time="0.126" /><testcase classname="backend.tests.test_api.TestProducts" name="test_list_featured_products" time="0.102" /><testcase classname="backend.tests.test_api.TestProducts" name="test_filter_by_category" time="0.100" /><testcase classname="backend.tests.test_api.TestProducts" name="test_get_product_by_slug" time="0.224" /><testcase classname="backend.tests.test_api.TestProducts" name="test_product_not_found" time="0.131" /><testcase classname="backend.tests.test_api.TestProducts" name="test_product_multilingual_content" time="0.107" /><testcase classname="backend.tests.test_api.TestAdminAuth" name="test_admin_login_success" time="0.133" /><testcase classname="backend.tests.test_api.TestAdminAuth" name="test_admin_login_invalid_password" time="0.110" /><testcase classname="backend.tests.test_api.TestAdminAuth" name="test_admin_protected_route_without_token" time="0.102" /><testcase classname="backend.tests.test_api.TestAdminAuth" name="test_admin_protected_route_with_token" time="0.215" /><testcase classname="backend.tests.test_api.TestContact" name="test_submit_contact_form" time="0.109" /><testcase classname="backend.tests.test_api.TestContact" name="test_contact_form_required_fields" time="0.113" /><testcase classname="backend.tests.test_api.TestContact" name="test_admin_view_contacts" time="0.219" /><testcase classname="backend.tests.test_api.TestDealers" name="test_submit_dealer_application" time="0.105" /><testcase classname="backend.tests.test_api.TestDealers" name="test_dealer_application_required_fields" time="0.108" /><testcase classname="backend.tests.test_api.TestDealers" name="test_admin_view_dealer_applications" time="0.196" /><testcase classname="backend.tests.test_api.TestAdminCRUD" name="test_create_product" time="0.218" /><testcase classname="backend.tests.test_api.TestAdminCRUD" name="test_update_product" time="0.313" /><testcase classname="backend.tests.test_api.TestAdminCRUD" name="test_delete_product" time="0.496" /><testcase classname="backend.tests.test_api.TestAdminCRUD" name="test_create_product_without_auth" time="0.142" /></testsuite></testsuites>