<?xml version="1.0" encoding="utf-8"?><testsuites name="pytest tests"><testsuite name="pytest" errors="0" failures="0" skipped="0" tests="25" time="5.558" timestamp="2026-03-10T16:30:00.250174+00:00" hostname="agent-env-48abfd64-ae99-4607-a233-e6f4953fa719"><testcase classname="backend.tests.test_iteration4_features.TestHealthAndBasics" name="test_api_root" time="0.188" /><testcase classname="backend.tests.test_iteration4_features.TestHealthAndBasics" name="test_stats_endpoint" time="0.167" /><testcase classname="backend.tests.test_iteration4_features.TestHealthAndBasics" name="test_settings_endpoint" time="0.109" /><testcase classname="backend.tests.test_iteration4_features.TestAdminAuth" name="test_admin_login_success" time="0.118" /><testcase classname="backend.tests.test_iteration4_features.TestAdminAuth" name="test_admin_login_invalid" time="0.232" /><testcase classname="backend.tests.test_iteration4_features.TestProducts" name="test_list_products" time="0.152" /><testcase classname="backend.tests.test_iteration4_features.TestProducts" name="test_list_products_by_category" time="0.576" /><testcase classname="backend.tests.test_iteration4_features.TestProducts" name="test_list_featured_products" time="0.138" /><testcase classname="backend.tests.test_iteration4_features.TestProducts" name="test_create_product_with_downloads" time="0.294" /><testcase classname="backend.tests.test_iteration4_features.TestProducts" name="test_get_product_by_slug" time="0.245" /><testcase classname="backend.tests.test_iteration4_features.TestProducts" name="test_update_product_downloads" time="0.342" /><testcase classname="backend.tests.test_iteration4_features.TestContact" name="test_submit_contact_form" time="0.105" /><testcase classname="backend.tests.test_iteration4_features.TestContact" name="test_list_contacts_requires_auth" time="0.106" /><testcase classname="backend.tests.test_iteration4_features.TestContact" name="test_list_contacts_with_auth" time="0.231" /><testcase classname="backend.tests.test_iteration4_features.TestDealers" name="test_submit_dealer_application" time="0.121" /><testcase classname="backend.tests.test_iteration4_features.TestDealers" name="test_list_dealer_applications" time="0.225" /><testcase classname="backend.tests.test_iteration4_features.TestGallery" name="test_list_gallery" time="0.111" /><testcase classname="backend.tests.test_iteration4_features.TestGallery" name="test_create_gallery_image" time="0.239" /><testcase classname="backend.tests.test_iteration4_features.TestBlogMedia" name="test_list_blog_posts" time="0.120" /><testcase classname="backend.tests.test_iteration4_features.TestBlogMedia" name="test_create_blog_post" time="0.285" /><testcase classname="backend.tests.test_iteration4_features.TestJobs" name="test_list_jobs" time="0.113" /><testcase classname="backend.tests.test_iteration4_features.TestJobs" name="test_create_job" time="0.241" /><testcase classname="backend.tests.test_iteration4_features.TestVideoTestimonials" name="test_list_videos" time="0.112" /><testcase classname="backend.tests.test_iteration4_features.TestVideoTestimonials" name="test_create_video" time="0.223" /><testcase classname="backend.tests.test_iteration4_features.TestCleanup" name="test_cleanup_test_products" time="0.641" /></testsuite></testsuites>