<?xml version="1.0" encoding="utf-8"?><testsuites name="pytest tests"><testsuite name="pytest" errors="0" failures="0" skipped="0" tests="20" time="5.502" timestamp="2026-03-10T12:22:26.491552+00:00" hostname="agent-env-83302d77-4be7-496c-bf16-2272d2f0e7b1"><testcase classname="backend.tests.test_new_features.TestSiteSettings" name="test_get_default_settings" time="0.290" /><testcase classname="backend.tests.test_new_features.TestSiteSettings" name="test_update_settings_without_auth" time="0.109" /><testcase classname="backend.tests.test_new_features.TestSiteSettings" name="test_update_hero_image" time="0.261" /><testcase classname="backend.tests.test_new_features.TestSiteSettings" name="test_update_social_links" time="0.242" /><testcase classname="backend.tests.test_new_features.TestSiteSettings" name="test_update_all_images" time="0.218" /><testcase classname="backend.tests.test_new_features.TestJobsCRUD" name="test_list_jobs_public" time="0.103" /><testcase classname="backend.tests.test_new_features.TestJobsCRUD" name="test_list_all_jobs_admin" time="0.225" /><testcase classname="backend.tests.test_new_features.TestJobsCRUD" name="test_create_job" time="0.221" /><testcase classname="backend.tests.test_new_features.TestJobsCRUD" name="test_create_job_without_auth" time="0.106" /><testcase classname="backend.tests.test_new_features.TestJobsCRUD" name="test_get_job_by_id" time="0.396" /><testcase classname="backend.tests.test_new_features.TestJobsCRUD" name="test_get_job_not_found" time="0.101" /><testcase classname="backend.tests.test_new_features.TestJobsCRUD" name="test_update_job" time="0.324" /><testcase classname="backend.tests.test_new_features.TestJobsCRUD" name="test_delete_job" time="0.444" /><testcase classname="backend.tests.test_new_features.TestJobApplications" name="test_submit_job_application" time="0.333" /><testcase classname="backend.tests.test_new_features.TestJobApplications" name="test_submit_application_with_payslip" time="0.334" /><testcase classname="backend.tests.test_new_features.TestJobApplications" name="test_admin_list_applications" time="0.218" /><testcase classname="backend.tests.test_new_features.TestJobApplications" name="test_admin_get_application_detail" time="0.657" /><testcase classname="backend.tests.test_new_features.TestJobApplications" name="test_list_applications_without_auth" time="0.105" /><testcase classname="backend.tests.test_new_features.TestStatsWithJobs" name="test_stats_includes_open_positions" time="0.132" /><testcase classname="backend.tests.test_new_features.TestApplicationStatusUpdate" name="test_update_application_status" time="0.559" /></testsuite></testsuites>