<?xml version="1.0" encoding="utf-8"?><testsuites name="pytest tests"><testsuite name="pytest" errors="0" failures="0" skipped="0" tests="18" time="2.485" timestamp="2026-03-10T19:54:25.722240+00:00" hostname="agent-env-ffd9d9bc-816e-467c-97dd-16fff2e54848"><testcase classname="backend.tests.test_avantra_api.TestAPIHealth" name="test_api_root" time="0.176" /><testcase classname="backend.tests.test_avantra_api.TestAdminAuth" name="test_admin_login_success" time="0.118" /><testcase classname="backend.tests.test_avantra_api.TestAdminAuth" name="test_admin_login_invalid_password" time="0.108" /><testcase classname="backend.tests.test_avantra_api.TestPagesAPI" name="test_list_pages" time="0.176" /><testcase classname="backend.tests.test_avantra_api.TestPagesAPI" name="test_get_home_page" time="0.122" /><testcase classname="backend.tests.test_avantra_api.TestLabelsAPI" name="test_list_labels" time="0.117" /><testcase classname="backend.tests.test_avantra_api.TestLabelsAPI" name="test_list_all_labels" time="0.155" /><testcase classname="backend.tests.test_avantra_api.TestCategoriesAPI" name="test_list_categories" time="0.124" /><testcase classname="backend.tests.test_avantra_api.TestSettingsAPI" name="test_get_settings" time="0.121" /><testcase classname="backend.tests.test_avantra_api.TestProductsAPI" name="test_list_products_empty" time="0.117" /><testcase classname="backend.tests.test_avantra_api.TestProductsAPI" name="test_filter_products_by_category" time="0.120" /><testcase classname="backend.tests.test_avantra_api.TestContactAPI" name="test_contact_list" time="0.131" /><testcase classname="backend.tests.test_avantra_api.TestDealersAPI" name="test_dealers_list" time="0.105" /><testcase classname="backend.tests.test_avantra_api.TestGalleryAPI" name="test_gallery_list" time="0.156" /><testcase classname="backend.tests.test_avantra_api.TestBlogAPI" name="test_blog_list" time="0.125" /><testcase classname="backend.tests.test_avantra_api.TestJobsAPI" name="test_jobs_list" time="0.117" /><testcase classname="backend.tests.test_avantra_api.TestVideosAPI" name="test_videos_list" time="0.117" /><testcase classname="backend.tests.test_avantra_api.TestStatsAPI" name="test_get_stats" time="0.136" /></testsuite></testsuites>