<?xml version="1.0" encoding="utf-8"?><testsuites name="pytest tests"><testsuite name="pytest" errors="0" failures="0" skipped="0" tests="21" time="3.239" timestamp="2026-03-10T12:42:11.411378+00:00" hostname="agent-env-83302d77-4be7-496c-bf16-2272d2f0e7b1"><testcase classname="backend.tests.test_gallery_blog_videos.TestGalleryAPI" name="test_list_gallery_empty_or_populated" time="0.356" /><testcase classname="backend.tests.test_gallery_blog_videos.TestGalleryAPI" name="test_list_gallery_with_category_filter" time="0.249" /><testcase classname="backend.tests.test_gallery_blog_videos.TestGalleryAPI" name="test_create_gallery_image" time="0.070" /><testcase classname="backend.tests.test_gallery_blog_videos.TestGalleryAPI" name="test_update_gallery_image" time="0.162" /><testcase classname="backend.tests.test_gallery_blog_videos.TestGalleryAPI" name="test_delete_gallery_image" time="0.107" /><testcase classname="backend.tests.test_gallery_blog_videos.TestGalleryAPI" name="test_gallery_unauthorized_create" time="0.055" /><testcase classname="backend.tests.test_gallery_blog_videos.TestBlogAPI" name="test_list_blog_posts" time="0.048" /><testcase classname="backend.tests.test_gallery_blog_videos.TestBlogAPI" name="test_create_blog_post" time="0.057" /><testcase classname="backend.tests.test_gallery_blog_videos.TestBlogAPI" name="test_get_blog_post_by_slug" time="0.116" /><testcase classname="backend.tests.test_gallery_blog_videos.TestBlogAPI" name="test_update_blog_post" time="0.116" /><testcase classname="backend.tests.test_gallery_blog_videos.TestBlogAPI" name="test_delete_blog_post" time="0.099" /><testcase classname="backend.tests.test_gallery_blog_videos.TestBlogAPI" name="test_blog_post_not_found" time="0.048" /><testcase classname="backend.tests.test_gallery_blog_videos.TestVideoTestimonialsAPI" name="test_list_video_testimonials" time="0.061" /><testcase classname="backend.tests.test_gallery_blog_videos.TestVideoTestimonialsAPI" name="test_list_featured_videos_only" time="0.058" /><testcase classname="backend.tests.test_gallery_blog_videos.TestVideoTestimonialsAPI" name="test_create_video_testimonial_youtube" time="0.072" /><testcase classname="backend.tests.test_gallery_blog_videos.TestVideoTestimonialsAPI" name="test_create_video_testimonial_vimeo" time="0.050" /><testcase classname="backend.tests.test_gallery_blog_videos.TestVideoTestimonialsAPI" name="test_update_video_testimonial" time="0.101" /><testcase classname="backend.tests.test_gallery_blog_videos.TestVideoTestimonialsAPI" name="test_delete_video_testimonial" time="0.107" /><testcase classname="backend.tests.test_gallery_blog_videos.TestVideoTestimonialsAPI" name="test_video_unauthorized_create" time="0.048" /><testcase classname="backend.tests.test_gallery_blog_videos.TestEnhancedProductFields" name="test_create_product_with_enhanced_fields" time="0.115" /><testcase classname="backend.tests.test_gallery_blog_videos.TestEnhancedProductFields" name="test_update_product_enhanced_fields" time="1.009" /></testsuite></testsuites>